[ 2024-10-14 22:22:46,588 ] 59 root - INFO - Loading preprocessed datasets...
[ 2024-10-14 22:22:47,228 ] 71 root - INFO - Training XGBoost model for premenopausal dataset...
[ 2024-10-14 22:22:47,228 ] 20 root - INFO - Training XGBoost model...
[ 2024-10-14 22:22:49,460 ] 51 root - INFO - Model saved to models/xgboost_premenopausal_model.pkl
[ 2024-10-14 22:22:49,460 ] 75 root - INFO - Training XGBoost model for postmenopausal dataset...
[ 2024-10-14 22:22:49,460 ] 20 root - INFO - Training XGBoost model...
[ 2024-10-14 22:22:49,563 ] 51 root - INFO - Model saved to models/xgboost_postmenopausal_model.pkl
[ 2024-10-14 22:22:49,563 ] 80 root - INFO - Evaluating premenopausal model...
[ 2024-10-14 22:22:49,804 ] 37 root - INFO - Accuracy: 1.0
[ 2024-10-14 22:22:49,805 ] 38 root - INFO - F1 Score: 1.0
[ 2024-10-14 22:22:49,805 ] 39 root - INFO - AUC-ROC Score: 1.0
[ 2024-10-14 22:22:49,816 ] 40 root - INFO - Classification Report: 
              precision    recall  f1-score   support

           0       1.00      1.00      1.00       155
           1       1.00      1.00      1.00        75

    accuracy                           1.00       230
   macro avg       1.00      1.00      1.00       230
weighted avg       1.00      1.00      1.00       230

[ 2024-10-14 22:22:49,816 ] 83 root - INFO - Evaluating postmenopausal model...
[ 2024-10-14 22:22:49,845 ] 37 root - INFO - Accuracy: 1.0
[ 2024-10-14 22:22:49,845 ] 38 root - INFO - F1 Score: 1.0
[ 2024-10-14 22:22:49,845 ] 39 root - INFO - AUC-ROC Score: 1.0
[ 2024-10-14 22:22:49,855 ] 40 root - INFO - Classification Report: 
              precision    recall  f1-score   support

           0       1.00      1.00      1.00        96
           1       1.00      1.00      1.00        23

    accuracy                           1.00       119
   macro avg       1.00      1.00      1.00       119
weighted avg       1.00      1.00      1.00       119

