[ 2024-10-14 22:23:59,259 ] 59 root - INFO - Loading preprocessed datasets...
[ 2024-10-14 22:23:59,268 ] 71 root - INFO - Training XGBoost model for premenopausal dataset...
[ 2024-10-14 22:23:59,269 ] 20 root - INFO - Training XGBoost model...
[ 2024-10-14 22:23:59,495 ] 51 root - INFO - Model saved to models/xgboost_premenopausal_model.pkl
[ 2024-10-14 22:23:59,495 ] 75 root - INFO - Training XGBoost model for postmenopausal dataset...
[ 2024-10-14 22:23:59,495 ] 20 root - INFO - Training XGBoost model...
[ 2024-10-14 22:23:59,561 ] 51 root - INFO - Model saved to models/xgboost_postmenopausal_model.pkl
[ 2024-10-14 22:23:59,561 ] 80 root - INFO - Evaluating premenopausal model...
[ 2024-10-14 22:23:59,597 ] 37 root - INFO - Accuracy: 1.0
[ 2024-10-14 22:23:59,598 ] 38 root - INFO - F1 Score: 1.0
[ 2024-10-14 22:23:59,598 ] 39 root - INFO - AUC-ROC Score: 1.0
[ 2024-10-14 22:23:59,608 ] 40 root - INFO - Classification Report: 
              precision    recall  f1-score   support

           0       1.00      1.00      1.00       155
           1       1.00      1.00      1.00        75

    accuracy                           1.00       230
   macro avg       1.00      1.00      1.00       230
weighted avg       1.00      1.00      1.00       230

[ 2024-10-14 22:23:59,608 ] 83 root - INFO - Evaluating postmenopausal model...
[ 2024-10-14 22:23:59,645 ] 37 root - INFO - Accuracy: 1.0
[ 2024-10-14 22:23:59,645 ] 38 root - INFO - F1 Score: 1.0
[ 2024-10-14 22:23:59,645 ] 39 root - INFO - AUC-ROC Score: 1.0
[ 2024-10-14 22:23:59,651 ] 40 root - INFO - Classification Report: 
              precision    recall  f1-score   support

           0       1.00      1.00      1.00        96
           1       1.00      1.00      1.00        23

    accuracy                           1.00       119
   macro avg       1.00      1.00      1.00       119
weighted avg       1.00      1.00      1.00       119

